<?xml version="1.0" encoding="UTF-8"?>
<!-- Generated by org.testng.reporters.JUnitXMLReporter -->
<testsuite ignored="0" hostname="DESKTOP-RTACN6A" failures="0" tests="4" name="Test" time="0.322" errors="0" timestamp="2019-11-11T13:56:41 IST">
  <testcase classname="TestNG.ParallelExecutionDemo" name="pgengineering" time="0.102"/>
  <testcase classname="TestNG.ParallelExecutionDemo" name="highschool" time="0.096"/>
  <testcase classname="TestNG.ParallelExecutionDemo" name="middleschool" time="0.114"/>
  <testcase classname="TestNG.ParallelExecutionDemo" name="ugengineering" time="0.118"/>
</testsuite> <!-- Test -->
