<?xml version="1.0" encoding="UTF-8"?>
<!-- Generated by org.testng.reporters.JUnitXMLReporter -->
<testsuite ignored="0" hostname="DESKTOP-RTACN6A" failures="0" tests="12" name="functionaltest" time="0.321" errors="0" timestamp="2019-10-17T11:37:48 IST">
  <testcase classname="TestNG.DemoTestNG" name="highschool" time="0.038"/>
  <testcase classname="TestNG.DemoTestNG" name="middleschool" time="0.006"/>
  <testcase classname="TestNG.DemoTestNG" name="pgengineering" time="0.009"/>
  <testcase classname="TestNG.DemoTestNG" name="ugengineering" time="0.009"/>
  <testcase classname="TestNG.DemoTestNGXML1" name="highschool" time="0.006"/>
  <testcase classname="TestNG.DemoTestNGXML1" name="middleschool" time="0.005"/>
  <testcase classname="TestNG.DemoTestNGXML1" name="pgengineering" time="0.011"/>
  <testcase classname="TestNG.DemoTestNGXML1" name="ugengineering" time="0.007"/>
  <testcase classname="TestNG.DemoTestNGXML2" name="highschool" time="0.008"/>
  <testcase classname="TestNG.DemoTestNGXML2" name="middleschool" time="0.004"/>
  <testcase classname="TestNG.DemoTestNGXML2" name="pgengineering" time="0.01"/>
  <testcase classname="TestNG.DemoTestNGXML2" name="ugengineering" time="0.007"/>
</testsuite> <!-- functionaltest -->
