<?xml version="1.0" encoding="UTF-8"?>
<!-- Generated by org.testng.reporters.JUnitXMLReporter -->
<testsuite ignored="0" hostname="DESKTOP-RTACN6A" failures="0" tests="3" name="Default test" time="47.662" errors="0" timestamp="2019-11-10T14:58:56 IST">
  <testcase classname="DataProviderTestNG.DataDrivenTestNG" name="logincheck" time="18.675"/>
  <testcase classname="DataProviderTestNG.DataDrivenTestNG" name="logincheck" time="13.877"/>
  <testcase classname="DataProviderTestNG.DataDrivenTestNG" name="logincheck" time="14.258"/>
</testsuite> <!-- Default test -->
