<?xml version="1.0" encoding="UTF-8"?>
<!-- Generated by org.testng.reporters.JUnitXMLReporter -->
<testsuite ignored="0" hostname="DESKTOP-RTACN6A" failures="0" tests="4" name="Demo test" time="0.178" errors="0" timestamp="2019-10-17T16:49:32 IST">
  <testcase classname="TestNG.DemoTestNG" name="highschool" time="0.033"/>
  <testcase classname="TestNG.DemoTestNG" name="middleschool" time="0.005"/>
  <testcase classname="TestNG.DemoTestNG" name="pgengineering" time="0.005"/>
  <testcase classname="TestNG.DemoTestNG" name="ugengineering" time="0.005"/>
</testsuite> <!-- Demo test -->
